#
# A fatal error has been detected by the Java Runtime Environment:
#
#  SIGSEGV (0xb) at pc=0x0000000104babe5f, pid=7830, tid=0x0000000000003f03
#
# JRE version: Java(TM) SE Runtime Environment (8.0_111-b14) (build 1.8.0_111-b14)
# Java VM: Java HotSpot(TM) 64-Bit Server VM (25.111-b14 mixed mode bsd-amd64 compressed oops)
# Problematic frame:
# V  [libjvm.dylib+0x1abe5f]  Compile::identify_useful_nodes(Unique_Node_List&)+0x9f
#
# Failed to write core dump. Core dumps have been disabled. To enable core dumping, try "ulimit -c unlimited" before starting Java again
#
# If you would like to submit a bug report, please visit:
#   http://bugreport.java.com/bugreport/crash.jsp
#

---------------  T H R E A D  ---------------

Current thread (0x00007fa83a042800):  JavaThread "C2 CompilerThread0" daemon [_thread_in_native, id=16131, stack(0x0000700007139000,0x0000700007239000)]

siginfo: si_signo: 11 (SIGSEGV), si_code: 1 (SEGV_MAPERR), si_addr: 0x0000000000000020

Registers:
RAX=0x00007fa83b2f48a8, RBX=0x0000000000000190, RCX=0x000000000007cfcb, RDX=0x0000000000000000
RSP=0x00007000072372d0, RBP=0x0000700007237300, RSI=0x0000000000000020, RDI=0x00007fa839ab3810
R8 =0x0000000000000000, R9 =0x00000000000181e9, R10=0x00000001052351c0, R11=0x00007fa839ab3810
R12=0x000000000000001c, R13=0x0000000000000017, R14=0x00007fa83b2f4798, R15=0x00007000072373c0
RIP=0x0000000104babe5f, EFLAGS=0x0000000000010246, ERR=0x0000000000000004
  TRAPNO=0x000000000000000e

Top of Stack: (sp=0x00007000072372d0)
0x00007000072372d0:   00007000072373b0 00007000072374c8
0x00007000072372e0:   00007000072373c0 00007000072373e0
0x00007000072372f0:   00007000072373b0 00007fa83951ec90
0x0000700007237300:   0000700007237340 0000000104eb4bd9
0x0000700007237310:   0000700007237ea0 0000700007237430
0x0000700007237320:   00007fa839520510 0000700007237f80
0x0000700007237330:   00007fa83a542090 0000700007238920
0x0000700007237340:   0000700007237f40 0000000104bb2ba4
0x0000700007237350:   0000700000000006 00007fa83b2b8ad0
0x0000700007237360:   0000700007238920 0000700007238938
0x0000700007237370:   00007fa839526610 0000000100000004
0x0000700007237380:   0000000000000000 0000000100000000
0x0000700007237390:   53656d6900000002 725f202d20627574
0x00007000072373a0:   0000700007238790 00007fa839526610
0x00007000072373b0:   0000617600000002 0000700007237f80
0x00007000072373c0:   00007fa83951ec90 0000000000001000
0x00007000072373d0:   00007fa83b38ca10 00007fff00000265
0x00007000072373e0:   00000001052d7c00 00007fa83951ec90
0x00007000072373f0:   0000700000000080 00007fa839ab3810
0x0000700007237400:   00007fa800000000 00007fa83951ec90
0x0000700007237410:   00007fa83b249800 00007fa83b24a550
0x0000700007237420:   00007fa83b2517e8 0000000000018360
0x0000700007237430:   000000010522d5b0 0000000100000001
0x0000700007237440:   0000700007237f80 0000700007238a90
0x0000700007237450:   00007000072374c8 00007fa83b23dd30
0x0000700007237460:   0000000000000000 00007000ffffffff
0x0000700007237470:   0000000000000000 0000700000000001
0x0000700007237480:   0000700007230000 0000000000000000
0x0000700007237490:   00007000072374c0 0000000000270000
0x00007000072374a0:   000000000010b200 0000700007237f80
0x00007000072374b0:   0000000000000000 0000000104fd6388
0x00007000072374c0:   0000700007237401 00000001052d4530 

Instructions: (pc=0x0000000104babe5f)
0x0000000104babe3f:   d8 45 8b 66 1c 4d 85 e4 74 2c 45 31 ed 49 8b 46
0x0000000104babe4f:   08 4a 8b 34 e8 48 85 f6 74 14 40 f6 c6 01 75 0e
0x0000000104babe5f:   48 83 3e fe 74 08 4c 89 ff e8 63 40 ef ff 49 ff
0x0000000104babe6f:   c5 4d 39 ec 75 d7 ff c3 41 3b 5f 18 72 b9 48 83 

Register to memory mapping:

RAX=0x00007fa83b2f48a8 is an unknown value
RBX=0x0000000000000190 is an unknown value
RCX=0x000000000007cfcb is an unknown value
RDX=0x0000000000000000 is an unknown value
RSP=0x00007000072372d0 is pointing into the stack for thread: 0x00007fa83a042800
RBP=0x0000700007237300 is pointing into the stack for thread: 0x00007fa83a042800
RSI=0x0000000000000020 is an unknown value
RDI=0x00007fa839ab3810 is an unknown value
R8 =0x0000000000000000 is an unknown value
R9 =0x00000000000181e9 is an unknown value
R10=0x00000001052351c0: _ZL8tc_mutex+0x20 in /Library/Java/JavaVirtualMachines/jdk1.8.0_111.jdk/Contents/Home/jre/lib/server/libjvm.dylib at 0x0000000104a00000
R11=0x00007fa839ab3810 is an unknown value
R12=0x000000000000001c is an unknown value
R13=0x0000000000000017 is an unknown value
R14=0x00007fa83b2f4798 is an unknown value
R15=0x00007000072373c0 is pointing into the stack for thread: 0x00007fa83a042800


Stack: [0x0000700007139000,0x0000700007239000],  sp=0x00007000072372d0,  free space=1016k
Native frames: (J=compiled Java code, j=interpreted, Vv=VM code, C=native code)
V  [libjvm.dylib+0x1abe5f]  Compile::identify_useful_nodes(Unique_Node_List&)+0x9f
V  [libjvm.dylib+0x4b4bd9]  PhaseRemoveUseless::PhaseRemoveUseless(PhaseGVN*, Unique_Node_List*, Phase::PhaseNumber)+0x75
V  [libjvm.dylib+0x1b2ba4]  Compile::Compile(ciEnv*, C2Compiler*, ciMethod*, int, bool, bool, bool)+0x884
V  [libjvm.dylib+0x1503ae]  C2Compiler::compile_method(ciEnv*, ciMethod*, int)+0xb2
V  [libjvm.dylib+0x1b6340]  CompileBroker::invoke_compiler_on_method(CompileTask*)+0x5b2
V  [libjvm.dylib+0x1b8887]  CompileBroker::compiler_thread_loop()+0x291
V  [libjvm.dylib+0x56a27b]  JavaThread::thread_main_inner()+0x9b
V  [libjvm.dylib+0x56b968]  JavaThread::run()+0x1c2
V  [libjvm.dylib+0x489b0a]  java_start(Thread*)+0xf6
C  [libsystem_pthread.dylib+0x3abb]  _pthread_body+0xb4
C  [libsystem_pthread.dylib+0x3a07]  _pthread_body+0x0
C  [libsystem_pthread.dylib+0x3231]  thread_start+0xd
C  0x0000000000000000


Current CompileTask:
C2:   5042 2395       4       java.lang.invoke.LambdaFormEditor::bindArgumentForm (268 bytes)


---------------  P R O C E S S  ---------------

Java Threads: ( => current thread )
  0x00007fa83a08d800 JavaThread "Service Thread" daemon [_thread_blocked, id=17155, stack(0x000070000733f000,0x000070000743f000)]
  0x00007fa839880000 JavaThread "C1 CompilerThread1" daemon [_thread_blocked, id=16643, stack(0x000070000723c000,0x000070000733c000)]
=>0x00007fa83a042800 JavaThread "C2 CompilerThread0" daemon [_thread_in_native, id=16131, stack(0x0000700007139000,0x0000700007239000)]
  0x00007fa83a037000 JavaThread "Signal Dispatcher" daemon [_thread_blocked, id=15619, stack(0x0000700007036000,0x0000700007136000)]
  0x00007fa83a02c000 JavaThread "Finalizer" daemon [_thread_blocked, id=11523, stack(0x0000700006f33000,0x0000700007033000)]
  0x00007fa839845800 JavaThread "Reference Handler" daemon [_thread_blocked, id=11011, stack(0x0000700006e30000,0x0000700006f30000)]
  0x00007fa83980c000 JavaThread "main" [_thread_in_Java, id=1555, stack(0x0000700006a24000,0x0000700006b24000)]

Other Threads:
  0x00007fa83a027000 VMThread [stack: 0x0000700006d2d000,0x0000700006e2d000] [id=10499]
  0x00007fa83a09e800 WatcherThread [stack: 0x0000700007442000,0x0000700007542000] [id=17667]

VM state:not at safepoint (normal execution)

VM Mutex/Monitor currently owned by a thread: None

Heap:
 PSYoungGen      total 38400K, used 35407K [0x0000000795580000, 0x000000079a080000, 0x00000007c0000000)
  eden space 33280K, 91% used [0x0000000795580000,0x0000000797316aa8,0x0000000797600000)
  from space 5120K, 99% used [0x0000000797600000,0x0000000797afd4a8,0x0000000797b00000)
  to   space 5120K, 0% used [0x0000000799b80000,0x0000000799b80000,0x000000079a080000)
 ParOldGen       total 87552K, used 4570K [0x0000000740000000, 0x0000000745580000, 0x0000000795580000)
  object space 87552K, 5% used [0x0000000740000000,0x0000000740476978,0x0000000745580000)
 Metaspace       used 14019K, capacity 14644K, committed 14720K, reserved 1062912K
  class space    used 1623K, capacity 1891K, committed 1920K, reserved 1048576K

Card table byte_map: [0x0000000114fc8000,0x00000001153c9000] byte_map_base: 0x00000001115c8000

Marking Bits: (ParMarkBitMap*) 0x00000001052efd20
 Begin Bits: [0x0000000115674000, 0x0000000117674000)
 End Bits:   [0x0000000117674000, 0x0000000119674000)

Polling page: 0x0000000104550000

CodeCache: size=245760Kb used=7684Kb max_used=7684Kb free=238075Kb
 bounds [0x0000000105fc8000, 0x0000000106758000, 0x0000000114fc8000]
 total_blobs=2788 nmethods=2421 adapters=281
 compilation: enabled

Compilation events (10 events):
Event: 4.987 Thread 0x00007fa839880000 nmethod 2397 0x0000000106732650 code [0x00000001067327e0, 0x0000000106732cf0]
Event: 4.987 Thread 0x00007fa839880000 2396       3       java.util.SubList::size (9 bytes)
Event: 4.987 Thread 0x00007fa839880000 nmethod 2396 0x0000000106732110 code [0x00000001067322a0, 0x0000000106732528]
Event: 4.988 Thread 0x00007fa839880000 2403       3       jdk.internal.dynalink.support.CallSiteDescriptorFactory::tokenizeName (61 bytes)
Event: 4.989 Thread 0x00007fa839880000 nmethod 2403 0x0000000106731610 code [0x00000001067317e0, 0x0000000106731e48]
Event: 4.989 Thread 0x00007fa839880000 2399       3       jdk.internal.dynalink.support.AbstractCallSiteDescriptor::equals (91 bytes)
Event: 4.990 Thread 0x00007fa839880000 nmethod 2399 0x00000001067337d0 code [0x0000000106733a40, 0x0000000106734948]
Event: 4.990 Thread 0x00007fa839880000 2400       3       jdk.nashorn.internal.runtime.linker.Bootstrap::bootstrap (17 bytes)
Event: 4.990 Thread 0x00007fa839880000 nmethod 2400 0x0000000106731010 code [0x00000001067311a0, 0x0000000106731488]
Event: 4.990 Thread 0x00007fa839880000 2401       3       jdk.nashorn.internal.runtime.linker.LinkerCallSite::newLinkerCallSite (51 bytes)

GC Heap History (2 events):
Event: 2.831 GC heap before
{Heap before GC invocations=1 (full 0):
 PSYoungGen      total 38400K, used 33280K [0x0000000795580000, 0x0000000798000000, 0x00000007c0000000)
  eden space 33280K, 100% used [0x0000000795580000,0x0000000797600000,0x0000000797600000)
  from space 5120K, 0% used [0x0000000797b00000,0x0000000797b00000,0x0000000798000000)
  to   space 5120K, 0% used [0x0000000797600000,0x0000000797600000,0x0000000797b00000)
 ParOldGen       total 87552K, used 0K [0x0000000740000000, 0x0000000745580000, 0x0000000795580000)
  object space 87552K, 0% used [0x0000000740000000,0x0000000740000000,0x0000000745580000)
 Metaspace       used 9308K, capacity 9542K, committed 9728K, reserved 1058816K
  class space    used 1064K, capacity 1183K, committed 1280K, reserved 1048576K
Event: 2.860 GC heap after
Heap after GC invocations=1 (full 0):
 PSYoungGen      total 38400K, used 5109K [0x0000000795580000, 0x000000079a080000, 0x00000007c0000000)
  eden space 33280K, 0% used [0x0000000795580000,0x0000000795580000,0x0000000797600000)
  from space 5120K, 99% used [0x0000000797600000,0x0000000797afd4a8,0x0000000797b00000)
  to   space 5120K, 0% used [0x0000000799b80000,0x0000000799b80000,0x000000079a080000)
 ParOldGen       total 87552K, used 4570K [0x0000000740000000, 0x0000000745580000, 0x0000000795580000)
  object space 87552K, 5% used [0x0000000740000000,0x0000000740476978,0x0000000745580000)
 Metaspace       used 9308K, capacity 9542K, committed 9728K, reserved 1058816K
  class space    used 1064K, capacity 1183K, committed 1280K, reserved 1048576K
}

Deoptimization events (10 events):
Event: 3.916 Thread 0x00007fa83980c000 Uncommon trap: reason=unstable_if action=reinterpret pc=0x00000001063a2e60 method=java.util.HashMap.getNode(ILjava/lang/Object;)Ljava/util/HashMap$Node; @ 129
Event: 3.946 Thread 0x00007fa83980c000 Uncommon trap: reason=unstable_if action=reinterpret pc=0x00000001064cd8e0 method=jdk.nashorn.internal.ir.IdentNode.accept(Ljdk/nashorn/internal/ir/visitor/NodeVisitor;)Ljdk/nashorn/internal/ir/Node; @ 5
Event: 3.964 Thread 0x00007fa83980c000 Uncommon trap: reason=class_check action=maybe_recompile pc=0x000000010650194c method=jdk.nashorn.internal.ir.LexicalContext$NodeIterator.findNext()Ljdk/nashorn/internal/ir/LexicalContextNode; @ 51
Event: 3.964 Thread 0x00007fa83980c000 Uncommon trap: reason=class_check action=maybe_recompile pc=0x000000010650194c method=jdk.nashorn.internal.ir.LexicalContext$NodeIterator.findNext()Ljdk/nashorn/internal/ir/LexicalContextNode; @ 51
Event: 3.964 Thread 0x00007fa83980c000 Uncommon trap: reason=class_check action=maybe_recompile pc=0x000000010650194c method=jdk.nashorn.internal.ir.LexicalContext$NodeIterator.findNext()Ljdk/nashorn/internal/ir/LexicalContextNode; @ 51
Event: 3.964 Thread 0x00007fa83980c000 Uncommon trap: reason=class_check action=maybe_recompile pc=0x000000010650194c method=jdk.nashorn.internal.ir.LexicalContext$NodeIterator.findNext()Ljdk/nashorn/internal/ir/LexicalContextNode; @ 51
Event: 4.017 Thread 0x00007fa83980c000 Uncommon trap: reason=unstable_if action=reinterpret pc=0x00000001064ef880 method=jdk.nashorn.internal.ir.AccessNode.accept(Ljdk/nashorn/internal/ir/visitor/NodeVisitor;)Ljdk/nashorn/internal/ir/Node; @ 5
Event: 4.099 Thread 0x00007fa83980c000 Uncommon trap: reason=unstable_if action=reinterpret pc=0x000000010654596c method=jdk.nashorn.internal.ir.ExpressionStatement.accept(Ljdk/nashorn/internal/ir/visitor/NodeVisitor;)Ljdk/nashorn/internal/ir/Node; @ 5
Event: 4.125 Thread 0x00007fa83980c000 Uncommon trap: reason=unstable_if action=reinterpret pc=0x0000000106552e78 method=jdk.nashorn.internal.ir.Block.accept(Ljdk/nashorn/internal/ir/LexicalContext;Ljdk/nashorn/internal/ir/visitor/NodeVisitor;)Ljdk/nashorn/internal/ir/Node; @ 5
Event: 4.542 Thread 0x00007fa83980c000 Uncommon trap: reason=unstable_if action=reinterpret pc=0x0000000106633ef0 method=jdk.internal.org.objectweb.asm.Item.isEqualTo(Ljdk/internal/org/objectweb/asm/Item;)Z @ 331

Internal exceptions (10 events):
Event: 0.244 Thread 0x00007fa83980c000 Exception <a 'java/lang/ClassNotFoundException': org/apache/log4j/LayoutBeanInfo> (0x000000079590fc40) thrown at [/Users/java_re/workspace/8-2-build-macosx-x86_64/jdk8u111/7883/hotspot/src/share/vm/classfile/systemDictionary.cpp, line 210]
Event: 0.244 Thread 0x00007fa83980c000 Exception <a 'java/lang/ClassNotFoundException': java/lang/ObjectBeanInfo> (0x0000000795911860) thrown at [/Users/java_re/workspace/8-2-build-macosx-x86_64/jdk8u111/7883/hotspot/src/share/vm/classfile/systemDictionary.cpp, line 210]
Event: 0.244 Thread 0x00007fa83980c000 Exception <a 'java/lang/ClassNotFoundException': java/lang/ObjectCustomizer> (0x00000007959133e0) thrown at [/Users/java_re/workspace/8-2-build-macosx-x86_64/jdk8u111/7883/hotspot/src/share/vm/classfile/systemDictionary.cpp, line 210]
Event: 0.247 Thread 0x00007fa83980c000 Exception <a 'java/lang/ArrayIndexOutOfBoundsException': 18> (0x0000000795915ae8) thrown at [/Users/java_re/workspace/8-2-build-macosx-x86_64/jdk8u111/7883/hotspot/src/share/vm/interpreter/interpreterRuntime.cpp, line 366]
Event: 0.248 Thread 0x00007fa83980c000 Exception <a 'java/lang/ArrayIndexOutOfBoundsException': 22> (0x0000000795918e30) thrown at [/Users/java_re/workspace/8-2-build-macosx-x86_64/jdk8u111/7883/hotspot/src/share/vm/interpreter/interpreterRuntime.cpp, line 366]
Event: 0.250 Thread 0x00007fa83980c000 Exception <a 'java/lang/ArrayIndexOutOfBoundsException': 160> (0x000000079591b280) thrown at [/Users/java_re/workspace/8-2-build-macosx-x86_64/jdk8u111/7883/hotspot/src/share/vm/interpreter/interpreterRuntime.cpp, line 366]
Event: 0.255 Thread 0x00007fa83980c000 Exception <a 'java/lang/ClassNotFoundException': org/apache/log4j/LayoutCustomizer> (0x0000000795921368) thrown at [/Users/java_re/workspace/8-2-build-macosx-x86_64/jdk8u111/7883/hotspot/src/share/vm/classfile/systemDictionary.cpp, line 210]
Event: 0.257 Thread 0x00007fa83980c000 Exception <a 'java/lang/ClassNotFoundException': org/apache/log4j/PatternLayoutCustomizer> (0x0000000795933c48) thrown at [/Users/java_re/workspace/8-2-build-macosx-x86_64/jdk8u111/7883/hotspot/src/share/vm/classfile/systemDictionary.cpp, line 210]
Event: 2.621 Thread 0x00007fa83980c000 Exception <a 'java/lang/NoSuchFieldError': method resolution failed> (0x0000000797334048) thrown at [/Users/java_re/workspace/8-2-build-macosx-x86_64/jdk8u111/7883/hotspot/src/share/vm/prims/methodHandles.cpp, line 1146]
Event: 2.628 Thread 0x00007fa83980c000 Exception <a 'java/lang/NoSuchFieldError': method resolution failed> (0x0000000797341738) thrown at [/Users/java_re/workspace/8-2-build-macosx-x86_64/jdk8u111/7883/hotspot/src/share/vm/prims/methodHandles.cpp, line 1146]

Events (10 events):
Event: 4.542 Thread 0x00007fa83980c000 DEOPT PACKING pc=0x0000000106633ef0 sp=0x0000700006b20d80
Event: 4.542 Thread 0x00007fa83980c000 DEOPT UNPACKING pc=0x0000000105fccf69 sp=0x0000700006b20d38 mode 2
Event: 4.551 loading class jdk/nashorn/internal/runtime/linker/NashornGuards
Event: 4.551 loading class jdk/nashorn/internal/runtime/linker/NashornGuards done
Event: 4.552 loading class jdk/nashorn/internal/runtime/SetMethodCreator
Event: 4.552 loading class jdk/nashorn/internal/runtime/SetMethodCreator done
Event: 4.555 loading class jdk/nashorn/internal/runtime/SetMethodCreator$SetMethod
Event: 4.555 loading class jdk/nashorn/internal/runtime/SetMethodCreator$SetMethod done
Event: 4.604 loading class jdk/nashorn/internal/runtime/CompiledFunction$3
Event: 4.604 loading class jdk/nashorn/internal/runtime/CompiledFunction$3 done


Dynamic libraries:
0x0000000008f83000 	/System/Library/Frameworks/Cocoa.framework/Versions/A/Cocoa
0x0000000008f83000 	/System/Library/Frameworks/Security.framework/Versions/A/Security
0x0000000008f83000 	/System/Library/Frameworks/ApplicationServices.framework/Versions/A/ApplicationServices
0x0000000008f83000 	/usr/lib/libz.1.dylib
0x0000000008f83000 	/usr/lib/libSystem.B.dylib
0x0000000008f83000 	/usr/lib/libobjc.A.dylib
0x0000000008f83000 	/System/Library/Frameworks/CoreFoundation.framework/Versions/A/CoreFoundation
0x0000000008f83000 	/System/Library/Frameworks/Foundation.framework/Versions/C/Foundation
0x0000000008f83000 	/System/Library/Frameworks/AppKit.framework/Versions/C/AppKit
0x0000000008f83000 	/System/Library/Frameworks/CoreData.framework/Versions/A/CoreData
0x0000000008f83000 	/System/Library/PrivateFrameworks/RemoteViewServices.framework/Versions/A/RemoteViewServices
0x0000000008f83000 	/System/Library/PrivateFrameworks/UIFoundation.framework/Versions/A/UIFoundation
0x0000000008f83000 	/usr/lib/libenergytrace.dylib
0x0000000008f83000 	/System/Library/PrivateFrameworks/SkyLight.framework/Versions/A/SkyLight
0x0000000008f83000 	/System/Library/Frameworks/CoreGraphics.framework/Versions/A/CoreGraphics
0x0000000008f83000 	/usr/lib/libScreenReader.dylib
0x0000000008f83000 	/System/Library/Frameworks/Accelerate.framework/Versions/A/Accelerate
0x0000000008f83000 	/System/Library/Frameworks/IOSurface.framework/Versions/A/IOSurface
0x0000000008f83000 	/System/Library/Frameworks/AudioToolbox.framework/Versions/A/AudioToolbox
0x0000000008f83000 	/System/Library/Frameworks/AudioUnit.framework/Versions/A/AudioUnit
0x0000000008f83000 	/System/Library/PrivateFrameworks/DataDetectorsCore.framework/Versions/A/DataDetectorsCore
0x0000000008f83000 	/System/Library/PrivateFrameworks/DesktopServicesPriv.framework/Versions/A/DesktopServicesPriv
0x0000000008f83000 	/System/Library/Frameworks/Carbon.framework/Versions/A/Frameworks/HIToolbox.framework/Versions/A/HIToolbox
0x0000000008f83000 	/usr/lib/libicucore.A.dylib
0x0000000008f83000 	/System/Library/Frameworks/QuartzCore.framework/Versions/A/QuartzCore
0x0000000008f83000 	/System/Library/Frameworks/Carbon.framework/Versions/A/Frameworks/SpeechRecognition.framework/Versions/A/SpeechRecognition
0x0000000008f83000 	/usr/lib/libauto.dylib
0x0000000008f83000 	/usr/lib/libxml2.2.dylib
0x0000000008f83000 	/System/Library/PrivateFrameworks/CoreUI.framework/Versions/A/CoreUI
0x0000000008f83000 	/System/Library/Frameworks/CoreAudio.framework/Versions/A/CoreAudio
0x0000000008f83000 	/System/Library/Frameworks/DiskArbitration.framework/Versions/A/DiskArbitration
0x0000000008f83000 	/usr/lib/liblangid.dylib
0x0000000008f83000 	/System/Library/PrivateFrameworks/MultitouchSupport.framework/Versions/A/MultitouchSupport
0x0000000008f83000 	/System/Library/Frameworks/IOKit.framework/Versions/A/IOKit
0x0000000008f83000 	/usr/lib/libDiagnosticMessagesClient.dylib
0x0000000008f83000 	/System/Library/Frameworks/CoreServices.framework/Versions/A/CoreServices
0x0000000008f83000 	/System/Library/PrivateFrameworks/PerformanceAnalysis.framework/Versions/A/PerformanceAnalysis
0x0000000008f83000 	/System/Library/PrivateFrameworks/GenerationalStorage.framework/Versions/A/GenerationalStorage
0x0000000008f83000 	/System/Library/Frameworks/OpenGL.framework/Versions/A/OpenGL
0x0000000008f83000 	/System/Library/Frameworks/CoreImage.framework/Versions/A/CoreImage
0x0000000008f83000 	/System/Library/Frameworks/CoreText.framework/Versions/A/CoreText
0x0000000008f83000 	/System/Library/Frameworks/ImageIO.framework/Versions/A/ImageIO
0x0000000008f83000 	/System/Library/PrivateFrameworks/Backup.framework/Versions/A/Backup
0x0000000008f83000 	/usr/lib/libarchive.2.dylib
0x0000000008f83000 	/System/Library/Frameworks/CFNetwork.framework/Versions/A/CFNetwork
0x0000000008f83000 	/System/Library/Frameworks/SystemConfiguration.framework/Versions/A/SystemConfiguration
0x0000000008f83000 	/usr/lib/libCRFSuite.dylib
0x0000000008f83000 	/usr/lib/libc++.1.dylib
0x0000000008f83000 	/usr/lib/libc++abi.dylib
0x0000000008f83000 	/usr/lib/system/libcache.dylib
0x0000000008f83000 	/usr/lib/system/libcommonCrypto.dylib
0x0000000008f83000 	/usr/lib/system/libcompiler_rt.dylib
0x0000000008f83000 	/usr/lib/system/libcopyfile.dylib
0x0000000008f83000 	/usr/lib/system/libcorecrypto.dylib
0x0000000008f83000 	/usr/lib/system/libdispatch.dylib
0x0000000008f83000 	/usr/lib/system/libdyld.dylib
0x0000000008f83000 	/usr/lib/system/libkeymgr.dylib
0x0000000008f83000 	/usr/lib/system/liblaunch.dylib
0x0000000008f83000 	/usr/lib/system/libmacho.dylib
0x0000000008f83000 	/usr/lib/system/libquarantine.dylib
0x0000000008f83000 	/usr/lib/system/libremovefile.dylib
0x0000000008f83000 	/usr/lib/system/libsystem_asl.dylib
0x0000000008f83000 	/usr/lib/system/libsystem_blocks.dylib
0x0000000008f83000 	/usr/lib/system/libsystem_c.dylib
0x0000000008f83000 	/usr/lib/system/libsystem_configuration.dylib
0x0000000008f83000 	/usr/lib/system/libsystem_coreservices.dylib
0x0000000008f83000 	/usr/lib/system/libsystem_coretls.dylib
0x0000000008f83000 	/usr/lib/system/libsystem_dnssd.dylib
0x0000000008f83000 	/usr/lib/system/libsystem_info.dylib
0x0000000008f83000 	/usr/lib/system/libsystem_kernel.dylib
0x0000000008f83000 	/usr/lib/system/libsystem_m.dylib
0x0000000008f83000 	/usr/lib/system/libsystem_malloc.dylib
0x0000000008f83000 	/usr/lib/system/libsystem_network.dylib
0x0000000008f83000 	/usr/lib/system/libsystem_networkextension.dylib
0x0000000008f83000 	/usr/lib/system/libsystem_notify.dylib
0x0000000008f83000 	/usr/lib/system/libsystem_platform.dylib
0x0000000008f83000 	/usr/lib/system/libsystem_pthread.dylib
0x0000000008f83000 	/usr/lib/system/libsystem_sandbox.dylib
0x0000000008f83000 	/usr/lib/system/libsystem_secinit.dylib
0x0000000008f83000 	/usr/lib/system/libsystem_symptoms.dylib
0x0000000008f83000 	/usr/lib/system/libsystem_trace.dylib
0x0000000008f83000 	/usr/lib/system/libunwind.dylib
0x0000000008f83000 	/usr/lib/system/libxpc.dylib
0x0000000008f83000 	/usr/lib/libbsm.0.dylib
0x0000000008f83000 	/usr/lib/system/libkxld.dylib
0x0000000008f83000 	/usr/lib/libcoretls.dylib
0x0000000008f83000 	/usr/lib/libcoretls_cfhelpers.dylib
0x0000000008f83000 	/usr/lib/libxar.1.dylib
0x0000000008f83000 	/usr/lib/libsqlite3.dylib
0x0000000008f83000 	/usr/lib/libpam.2.dylib
0x0000000008f83000 	/usr/lib/libOpenScriptingUtil.dylib
0x0000000008f83000 	/usr/lib/libbz2.1.0.dylib
0x0000000008f83000 	/usr/lib/liblzma.5.dylib
0x0000000008f83000 	/usr/lib/libnetwork.dylib
0x0000000008f83000 	/usr/lib/libpcap.A.dylib
0x0000000008f83000 	/System/Library/Frameworks/CoreServices.framework/Versions/A/Frameworks/FSEvents.framework/Versions/A/FSEvents
0x0000000008f83000 	/System/Library/Frameworks/CoreServices.framework/Versions/A/Frameworks/CarbonCore.framework/Versions/A/CarbonCore
0x0000000008f83000 	/System/Library/Frameworks/CoreServices.framework/Versions/A/Frameworks/Metadata.framework/Versions/A/Metadata
0x0000000008f83000 	/System/Library/Frameworks/CoreServices.framework/Versions/A/Frameworks/OSServices.framework/Versions/A/OSServices
0x0000000008f83000 	/System/Library/Frameworks/CoreServices.framework/Versions/A/Frameworks/SearchKit.framework/Versions/A/SearchKit
0x0000000008f83000 	/System/Library/Frameworks/CoreServices.framework/Versions/A/Frameworks/AE.framework/Versions/A/AE
0x0000000008f83000 	/System/Library/Frameworks/CoreServices.framework/Versions/A/Frameworks/LaunchServices.framework/Versions/A/LaunchServices
0x0000000008f83000 	/System/Library/Frameworks/CoreServices.framework/Versions/A/Frameworks/DictionaryServices.framework/Versions/A/DictionaryServices
0x0000000008f83000 	/System/Library/Frameworks/CoreServices.framework/Versions/A/Frameworks/SharedFileList.framework/Versions/A/SharedFileList
0x0000000008f83000 	/System/Library/Frameworks/NetFS.framework/Versions/A/NetFS
0x0000000008f83000 	/System/Library/PrivateFrameworks/NetAuth.framework/Versions/A/NetAuth
0x0000000008f83000 	/System/Library/PrivateFrameworks/login.framework/Versions/A/Frameworks/loginsupport.framework/Versions/A/loginsupport
0x0000000008f83000 	/System/Library/PrivateFrameworks/TCC.framework/Versions/A/TCC
0x0000000008f83000 	/usr/lib/libmecabra.dylib
0x0000000008f83000 	/System/Library/Frameworks/ApplicationServices.framework/Versions/A/Frameworks/ATS.framework/Versions/A/ATS
0x0000000008f83000 	/System/Library/Frameworks/ApplicationServices.framework/Versions/A/Frameworks/ColorSync.framework/Versions/A/ColorSync
0x0000000008f83000 	/System/Library/Frameworks/ApplicationServices.framework/Versions/A/Frameworks/HIServices.framework/Versions/A/HIServices
0x0000000008f83000 	/System/Library/Frameworks/ApplicationServices.framework/Versions/A/Frameworks/LangAnalysis.framework/Versions/A/LangAnalysis
0x0000000008f83000 	/System/Library/Frameworks/ApplicationServices.framework/Versions/A/Frameworks/PrintCore.framework/Versions/A/PrintCore
0x0000000008f83000 	/System/Library/Frameworks/ApplicationServices.framework/Versions/A/Frameworks/QD.framework/Versions/A/QD
0x0000000008f83000 	/System/Library/Frameworks/ApplicationServices.framework/Versions/A/Frameworks/SpeechSynthesis.framework/Versions/A/SpeechSynthesis
0x0000000008f83000 	/System/Library/Frameworks/Accelerate.framework/Versions/A/Frameworks/vImage.framework/Versions/A/vImage
0x0000000008f83000 	/System/Library/Frameworks/Accelerate.framework/Versions/A/Frameworks/vecLib.framework/Versions/A/vecLib
0x0000000008f83000 	/System/Library/Frameworks/Accelerate.framework/Versions/A/Frameworks/vecLib.framework/Versions/A/libvDSP.dylib
0x0000000008f83000 	/System/Library/Frameworks/Accelerate.framework/Versions/A/Frameworks/vecLib.framework/Versions/A/libBNNS.dylib
0x0000000008f83000 	/System/Library/Frameworks/Accelerate.framework/Versions/A/Frameworks/vecLib.framework/Versions/A/libQuadrature.dylib
0x0000000008f83000 	/System/Library/Frameworks/Accelerate.framework/Versions/A/Frameworks/vecLib.framework/Versions/A/libvMisc.dylib
0x0000000008f83000 	/System/Library/Frameworks/Accelerate.framework/Versions/A/Frameworks/vecLib.framework/Versions/A/libLAPACK.dylib
0x0000000008f83000 	/System/Library/Frameworks/Accelerate.framework/Versions/A/Frameworks/vecLib.framework/Versions/A/libBLAS.dylib
0x0000000008f83000 	/System/Library/Frameworks/Accelerate.framework/Versions/A/Frameworks/vecLib.framework/Versions/A/libLinearAlgebra.dylib
0x0000000008f83000 	/System/Library/Frameworks/Accelerate.framework/Versions/A/Frameworks/vecLib.framework/Versions/A/libSparseBLAS.dylib
0x0000000008f83000 	/System/Library/Frameworks/ApplicationServices.framework/Versions/A/Frameworks/ATS.framework/Versions/A/Resources/libFontParser.dylib
0x0000000008f83000 	/System/Library/Frameworks/ApplicationServices.framework/Versions/A/Frameworks/ATS.framework/Versions/A/Resources/libFontRegistry.dylib
0x0000000008f83000 	/System/Library/Frameworks/ImageIO.framework/Versions/A/Resources/libJPEG.dylib
0x0000000008f83000 	/System/Library/Frameworks/ImageIO.framework/Versions/A/Resources/libTIFF.dylib
0x0000000008f83000 	/System/Library/Frameworks/ImageIO.framework/Versions/A/Resources/libPng.dylib
0x0000000008f83000 	/System/Library/Frameworks/ImageIO.framework/Versions/A/Resources/libGIF.dylib
0x0000000008f83000 	/System/Library/Frameworks/ImageIO.framework/Versions/A/Resources/libJP2.dylib
0x0000000008f83000 	/System/Library/Frameworks/ImageIO.framework/Versions/A/Resources/libRadiance.dylib
0x0000000008f83000 	/usr/lib/libcompression.dylib
0x0000000008f83000 	/System/Library/PrivateFrameworks/AppleJPEG.framework/Versions/A/AppleJPEG
0x0000000008f83000 	/usr/lib/libcups.2.dylib
0x0000000008f83000 	/System/Library/Frameworks/Kerberos.framework/Versions/A/Kerberos
0x0000000008f83000 	/System/Library/Frameworks/GSS.framework/Versions/A/GSS
0x0000000008f83000 	/usr/lib/libresolv.9.dylib
0x0000000008f83000 	/usr/lib/libiconv.2.dylib
0x0000000008f83000 	/System/Library/PrivateFrameworks/Heimdal.framework/Versions/A/Heimdal
0x0000000008f83000 	/usr/lib/libheimdal-asn1.dylib
0x0000000008f83000 	/System/Library/Frameworks/OpenDirectory.framework/Versions/A/OpenDirectory
0x0000000008f83000 	/System/Library/PrivateFrameworks/CommonAuth.framework/Versions/A/CommonAuth
0x0000000008f83000 	/System/Library/Frameworks/OpenDirectory.framework/Versions/A/Frameworks/CFOpenDirectory.framework/Versions/A/CFOpenDirectory
0x0000000008f83000 	/System/Library/Frameworks/SecurityFoundation.framework/Versions/A/SecurityFoundation
0x0000000008f83000 	/System/Library/PrivateFrameworks/LanguageModeling.framework/Versions/A/LanguageModeling
0x0000000008f83000 	/usr/lib/libmarisa.dylib
0x0000000008f83000 	/usr/lib/libChineseTokenizer.dylib
0x0000000008f83000 	/usr/lib/libcmph.dylib
0x0000000008f83000 	/System/Library/PrivateFrameworks/CoreEmoji.framework/Versions/A/CoreEmoji
0x0000000008f83000 	/System/Library/Frameworks/ServiceManagement.framework/Versions/A/ServiceManagement
0x0000000008f83000 	/usr/lib/libxslt.1.dylib
0x0000000008f83000 	/System/Library/Frameworks/Carbon.framework/Versions/A/Frameworks/Ink.framework/Versions/A/Ink
0x0000000008f83000 	/System/Library/PrivateFrameworks/TextureIO.framework/Versions/A/TextureIO
0x0000000008f83000 	/System/Library/Frameworks/Metal.framework/Versions/A/Metal
0x0000000008f83000 	/usr/lib/libate.dylib
0x0000000008f83000 	/System/Library/PrivateFrameworks/GPUCompiler.framework/libmetal_timestamp.dylib
0x0000000008f83000 	/System/Library/Frameworks/OpenGL.framework/Versions/A/Libraries/libCoreFSCache.dylib
0x0000000008f83000 	/System/Library/PrivateFrameworks/IOAccelerator.framework/Versions/A/IOAccelerator
0x0000000008f83000 	/System/Library/Frameworks/CoreVideo.framework/Versions/A/CoreVideo
0x0000000008f83000 	/usr/lib/libFosl_dynamic.dylib
0x0000000008f83000 	/System/Library/PrivateFrameworks/MetalPerformanceShaders.framework/Versions/A/MetalPerformanceShaders
0x0000000008f83000 	/System/Library/PrivateFrameworks/FaceCore.framework/Versions/A/FaceCore
0x0000000008f83000 	/System/Library/Frameworks/OpenCL.framework/Versions/A/OpenCL
0x0000000008f83000 	/System/Library/Frameworks/OpenGL.framework/Versions/A/Libraries/libGLU.dylib
0x0000000008f83000 	/System/Library/Frameworks/OpenGL.framework/Versions/A/Libraries/libGFXShared.dylib
0x0000000008f83000 	/System/Library/Frameworks/OpenGL.framework/Versions/A/Libraries/libGL.dylib
0x0000000008f83000 	/System/Library/Frameworks/OpenGL.framework/Versions/A/Libraries/libGLImage.dylib
0x0000000008f83000 	/System/Library/Frameworks/OpenGL.framework/Versions/A/Libraries/libCVMSPluginSupport.dylib
0x0000000008f83000 	/System/Library/Frameworks/OpenGL.framework/Versions/A/Libraries/libCoreVMClient.dylib
0x0000000008f83000 	/System/Library/PrivateFrameworks/CrashReporterSupport.framework/Versions/A/CrashReporterSupport
0x0000000008f83000 	/System/Library/PrivateFrameworks/Sharing.framework/Versions/A/Sharing
0x0000000008f83000 	/System/Library/PrivateFrameworks/IconServices.framework/Versions/A/IconServices
0x0000000008f83000 	/System/Library/PrivateFrameworks/ProtocolBuffer.framework/Versions/A/ProtocolBuffer
0x0000000008f83000 	/System/Library/PrivateFrameworks/Apple80211.framework/Versions/A/Apple80211
0x0000000008f83000 	/System/Library/Frameworks/CoreWLAN.framework/Versions/A/CoreWLAN
0x0000000008f83000 	/System/Library/PrivateFrameworks/CoreUtils.framework/Versions/A/CoreUtils
0x0000000008f83000 	/System/Library/Frameworks/IOBluetooth.framework/Versions/A/IOBluetooth
0x0000000008f83000 	/System/Library/PrivateFrameworks/CoreWiFi.framework/Versions/A/CoreWiFi
0x0000000008f83000 	/System/Library/Frameworks/CoreBluetooth.framework/Versions/A/CoreBluetooth
0x0000000008f83000 	/System/Library/Frameworks/CoreDisplay.framework/Versions/A/CoreDisplay
0x0000000008f83000 	/System/Library/PrivateFrameworks/IOPresentment.framework/Versions/A/IOPresentment
0x0000000008f83000 	/System/Library/PrivateFrameworks/DebugSymbols.framework/Versions/A/DebugSymbols
0x0000000008f83000 	/System/Library/PrivateFrameworks/CoreSymbolication.framework/Versions/A/CoreSymbolication
0x0000000008f83000 	/System/Library/PrivateFrameworks/Symbolication.framework/Versions/A/Symbolication
0x0000000008f83000 	/System/Library/PrivateFrameworks/AppleFSCompression.framework/Versions/A/AppleFSCompression
0x0000000008f83000 	/System/Library/PrivateFrameworks/SpeechRecognitionCore.framework/Versions/A/SpeechRecognitionCore
0x0000000008f83000 	/System/Library/PrivateFrameworks/ChunkingLibrary.framework/Versions/A/ChunkingLibrary
0x0000000104a00000 	/Library/Java/JavaVirtualMachines/jdk1.8.0_111.jdk/Contents/Home/jre/lib/server/libjvm.dylib
0x0000000008f83000 	/usr/lib/libstdc++.6.dylib
0x000000010450d000 	/Library/Java/JavaVirtualMachines/jdk1.8.0_111.jdk/Contents/Home/jre/lib/libverify.dylib
0x000000010451b000 	/Library/Java/JavaVirtualMachines/jdk1.8.0_111.jdk/Contents/Home/jre/lib/libjava.dylib
0x000000010455a000 	/Library/Java/JavaVirtualMachines/jdk1.8.0_111.jdk/Contents/Home/jre/lib/libzip.dylib
0x00000001045e6000 	/System/Library/Frameworks/JavaVM.framework/Frameworks/JavaRuntimeSupport.framework/JavaRuntimeSupport
0x0000000105f28000 	/System/Library/Frameworks/JavaVM.framework/Versions/A/Frameworks/JavaNativeFoundation.framework/Versions/A/JavaNativeFoundation
0x000000011acb9000 	/System/Library/Frameworks/JavaVM.framework/Versions/A/JavaVM
0x0000000008f83000 	/System/Library/Frameworks/Carbon.framework/Versions/A/Carbon
0x000000011acc6000 	/System/Library/PrivateFrameworks/JavaLaunching.framework/Versions/A/JavaLaunching
0x0000000008f83000 	/System/Library/Frameworks/Carbon.framework/Versions/A/Frameworks/CommonPanels.framework/Versions/A/CommonPanels
0x0000000008f83000 	/System/Library/Frameworks/Carbon.framework/Versions/A/Frameworks/Help.framework/Versions/A/Help
0x0000000008f83000 	/System/Library/Frameworks/Carbon.framework/Versions/A/Frameworks/ImageCapture.framework/Versions/A/ImageCapture
0x0000000008f83000 	/System/Library/Frameworks/Carbon.framework/Versions/A/Frameworks/OpenScripting.framework/Versions/A/OpenScripting
0x0000000008f83000 	/System/Library/Frameworks/Carbon.framework/Versions/A/Frameworks/Print.framework/Versions/A/Print
0x0000000008f83000 	/System/Library/Frameworks/Carbon.framework/Versions/A/Frameworks/SecurityHI.framework/Versions/A/SecurityHI

VM Arguments:
java_command: /Users/caspar/Documents/Git/bij-best-bumper/node_modules/grunt-html/vnu.jar --format json server/demoElements.html server/index.html server/sampleText.html
java_class_path (initial): /Users/caspar/Documents/Git/bij-best-bumper/node_modules/grunt-html/vnu.jar
Launcher Type: SUN_STANDARD

Environment Variables:
PATH=/usr/local/bin:/usr/bin:/bin:/usr/sbin:/sbin
SHELL=/bin/bash

Signal Handlers:
SIGSEGV: [libjvm.dylib+0x5b03ed], sa_mask[0]=11111111011111110111111111111111, sa_flags=SA_ONSTACK|SA_RESTART|SA_SIGINFO
SIGBUS: [libjvm.dylib+0x5b03ed], sa_mask[0]=11111111011111110111111111111111, sa_flags=SA_RESTART|SA_SIGINFO
SIGFPE: [libjvm.dylib+0x48711c], sa_mask[0]=11111111011111110111111111111111, sa_flags=SA_RESTART|SA_SIGINFO
SIGPIPE: [libjvm.dylib+0x48711c], sa_mask[0]=11111111011111110111111111111111, sa_flags=SA_RESTART|SA_SIGINFO
SIGXFSZ: [libjvm.dylib+0x48711c], sa_mask[0]=11111111011111110111111111111111, sa_flags=SA_RESTART|SA_SIGINFO
SIGILL: [libjvm.dylib+0x48711c], sa_mask[0]=11111111011111110111111111111111, sa_flags=SA_RESTART|SA_SIGINFO
SIGUSR1: SIG_DFL, sa_mask[0]=11111111011111110111111111111111, sa_flags=none
SIGUSR2: [libjvm.dylib+0x486c3a], sa_mask[0]=00000000000000000000000000000000, sa_flags=SA_RESTART|SA_SIGINFO
SIGHUP: [libjvm.dylib+0x485211], sa_mask[0]=11111111011111110111111111111111, sa_flags=SA_RESTART|SA_SIGINFO
SIGINT: [libjvm.dylib+0x485211], sa_mask[0]=11111111011111110111111111111111, sa_flags=SA_RESTART|SA_SIGINFO
SIGTERM: [libjvm.dylib+0x485211], sa_mask[0]=11111111011111110111111111111111, sa_flags=SA_RESTART|SA_SIGINFO
SIGQUIT: [libjvm.dylib+0x485211], sa_mask[0]=11111111011111110111111111111111, sa_flags=SA_RESTART|SA_SIGINFO


---------------  S Y S T E M  ---------------

OS:Bsduname:Darwin 16.0.0 Darwin Kernel Version 16.0.0: Mon Aug 29 17:56:20 PDT 2016; root:xnu-3789.1.32~3/RELEASE_X86_64 x86_64
rlimit: STACK 8192k, CORE 0k, NPROC 709, NOFILE 10240, AS infinity
load average:5.65 3.19 2.81

CPU:total 2 (2 cores per cpu, 1 threads per core) family 6 model 23 stepping 10, cmov, cx8, fxsr, mmx, sse, sse2, sse3, ssse3, sse4.1, tsc

Memory: 4k page, physical 8388608k(1395696k free)

/proc/meminfo:


vm_info: Java HotSpot(TM) 64-Bit Server VM (25.111-b14) for bsd-amd64 JRE (1.8.0_111-b14), built on Sep 22 2016 15:31:41 by "java_re" with gcc 4.2.1 (Based on Apple Inc. build 5658) (LLVM build 2336.11.00)

time: Sat Oct 29 00:30:57 2016
elapsed time: 5 seconds (0d 0h 0m 5s)

